<?xml version="1.0" encoding="UTF-8"?>
<testng-results ignored="0" total="1" passed="1" failed="0" skipped="0">
  <reporter-output>
  </reporter-output>
  <suite started-at="2023-07-27T21:50:59 CDT" name="Test Suite" finished-at="2023-07-27T21:51:02 CDT" duration-ms="3357">
    <groups>
      <group name="cucumber">
        <method signature="AbstractTestNGCucumberTests.runScenario(io.cucumber.testng.PickleWrapper,io.cucumber.testng.FeatureWrapper)[pri:0, instance:org.example.runner.CucumberRunnerTests@1725dc0f]" name="runScenario" class="io.cucumber.testng.AbstractTestNGCucumberTests"/>
      </group> <!-- cucumber -->
    </groups>
    <test started-at="2023-07-27T21:50:59 CDT" name="Regression Tests" finished-at="2023-07-27T21:51:02 CDT" duration-ms="3357">
      <class name="org.example.runner.CucumberRunnerTests">
        <test-method is-config="true" signature="setUpClass(org.testng.ITestContext)[pri:0, instance:org.example.runner.CucumberRunnerTests@1725dc0f]" started-at="2023-07-27T21:50:59 CDT" name="setUpClass" finished-at="2023-07-27T21:51:01 CDT" duration-ms="2141" status="PASS">
          <params>
            <param index="0">
              <value>
                <![CDATA[org.testng.TestRunner@465b38e6]]>
              </value>
            </param>
          </params>
          <reporter-output>
          </reporter-output>
        </test-method> <!-- setUpClass -->
        <test-method signature="runScenario(io.cucumber.testng.PickleWrapper,io.cucumber.testng.FeatureWrapper)[pri:0, instance:org.example.runner.CucumberRunnerTests@1725dc0f]" started-at="2023-07-27T21:51:01 CDT" name="runScenario" description="Runs Cucumber Scenarios" data-provider="scenarios" finished-at="2023-07-27T21:51:02 CDT" duration-ms="1056" status="PASS">
          <params>
            <param index="0">
              <value>
                <![CDATA["Login with positive/correct credentials"]]>
              </value>
            </param>
            <param index="1">
              <value>
                <![CDATA["All test cases for positive & negative scenarios"]]>
              </value>
            </param>
          </params>
          <reporter-output>
          </reporter-output>
        </test-method> <!-- runScenario -->
        <test-method is-config="true" signature="tearDownClass()[pri:0, instance:org.example.runner.CucumberRunnerTests@1725dc0f]" started-at="2023-07-27T21:51:02 CDT" name="tearDownClass" finished-at="2023-07-27T21:51:02 CDT" duration-ms="132" status="PASS">
          <reporter-output>
          </reporter-output>
        </test-method> <!-- tearDownClass -->
      </class> <!-- org.example.runner.CucumberRunnerTests -->
    </test> <!-- Regression Tests -->
  </suite> <!-- Test Suite -->
</testng-results>
