<?xml version="1.0" encoding="UTF-8"?>
<testsuite xmlns:xsi="http://www.w3.org/2001/XMLSchema-instance" xsi:noNamespaceSchemaLocation="https://maven.apache.org/surefire/maven-surefire-plugin/xsd/surefire-test-report-3.0.xsd" version="3.0" name="TestSuite" time="3.43" tests="1" errors="0" skipped="0" failures="0">
  <properties>
[...]
</properties>
  <testcase name="runScenario[&quot;Login with positive/correct credentials&quot;, &quot;All test cases for positive &amp; negative scenarios&quot;](1)" classname="org.example.runner.CucumberRunnerTests" time="0.909">
    <system-out><![CDATA[
@login @datatabletest
Scenario: Login with positive/correct credentials                  &amp#27;[90m# src/test/resources/features/Login.feature:14&amp#27;[0m
  &amp#27;[32mGiven &amp#27;[0m&amp#27;[32mUser is in Suacedemo homepage &amp#27;[0m&amp#27;[32m&amp#27;[1m"https://www.saucedemo.com/"&amp#27;[0m &amp#27;[90m# org.example.stepdefinations.LoginPageDefinations.navigate_to_url(java.lang.String)&amp#27;[0m
  &amp#27;[32mWhen &amp#27;[0m&amp#27;[32mUser enters correct credentials&amp#27;[0m                             &amp#27;[90m# org.example.stepdefinations.LoginPageDefinations.user_enters_correct_credentials(io.cucumber.datatable.DataTable)&amp#27;[0m
    | standard_user | secret_sauce |
  &amp#27;[32mThen &amp#27;[0m&amp#27;[32mUser should be able to login&amp#27;[0m                                &amp#27;[90m# org.example.stepdefinations.LoginPageDefinations.user_should_be_able_to_login()&amp#27;[0m
]]></system-out>
    <system-err><![CDATA[SLF4J: Failed to load class "org.slf4j.impl.StaticLoggerBinder".
SLF4J: Defaulting to no-operation (NOP) logger implementation
SLF4J: See http://www.slf4j.org/codes.html#StaticLoggerBinder for further details.
Starting ChromeDriver 115.0.5790.102 (90efd4b0ad6aa15eeafcdabd5817ae939f7ba059-refs/branch-heads/5790_90@{#9}) on port 2090
Only local connections are allowed.
Please see https://chromedriver.chromium.org/security-considerations for suggestions on keeping ChromeDriver safe.
ChromeDriver was started successfully.
[1690326339.680][WARNING]: Deprecated chrome option is ignored: useAutomationExtension
[1690326339.680][WARNING]: Deprecated chrome option is ignored: useAutomationExtension
Jul 25, 2023 6:05:40 PM org.openqa.selenium.devtools.CdpVersionFinder findNearestMatch
WARNING: Unable to find an exact match for CDP version 115, so returning the closest version found: 111
]]></system-err>
  </testcase>
</testsuite>